2019-01-24 05:51:44 [scrapy.utils.log] INFO: Scrapy 1.5.1 started (bot: deck_importer)
2019-01-24 05:51:44 [scrapy.utils.log] INFO: Versions: lxml 4.3.0.0, libxml2 2.9.9, cssselect 1.0.3, parsel 1.5.1, w3lib 1.20.0, Twisted 18.9.0, Python 3.7.2 (default, Dec 27 2018, 07:35:52) - [Clang 10.0.0 (clang-1000.11.45.5)], pyOpenSSL 18.0.0 (OpenSSL 1.1.0j  20 Nov 2018), cryptography 2.4.2, Platform Darwin-17.5.0-x86_64-i386-64bit
2019-01-24 05:51:44 [scrapy.crawler] INFO: Overridden settings: {'BOT_NAME': 'deck_importer', 'LOG_FILE': 'logs/default/deck_crawler/1ef8e9d01f9c11e9888234363b6c50f0.log', 'NEWSPIDER_MODULE': 'deck_importer.spiders', 'ROBOTSTXT_OBEY': True, 'SPIDER_MODULES': ['deck_importer.spiders']}
2019-01-24 05:51:44 [scrapy.middleware] INFO: Enabled extensions:
['scrapy.extensions.corestats.CoreStats',
 'scrapy.extensions.telnet.TelnetConsole',
 'scrapy.extensions.memusage.MemoryUsage',
 'scrapy.extensions.logstats.LogStats']
2019-01-24 05:51:45 [scrapy.middleware] INFO: Enabled downloader middlewares:
['scrapy.downloadermiddlewares.robotstxt.RobotsTxtMiddleware',
 'scrapy.downloadermiddlewares.httpauth.HttpAuthMiddleware',
 'scrapy.downloadermiddlewares.downloadtimeout.DownloadTimeoutMiddleware',
 'scrapy.downloadermiddlewares.defaultheaders.DefaultHeadersMiddleware',
 'scrapy.downloadermiddlewares.useragent.UserAgentMiddleware',
 'scrapy.downloadermiddlewares.retry.RetryMiddleware',
 'scrapy.downloadermiddlewares.redirect.MetaRefreshMiddleware',
 'scrapy.downloadermiddlewares.httpcompression.HttpCompressionMiddleware',
 'scrapy.downloadermiddlewares.redirect.RedirectMiddleware',
 'scrapy.downloadermiddlewares.cookies.CookiesMiddleware',
 'scrapy.downloadermiddlewares.httpproxy.HttpProxyMiddleware',
 'scrapy.downloadermiddlewares.stats.DownloaderStats']
2019-01-24 05:51:45 [scrapy.middleware] INFO: Enabled spider middlewares:
['scrapy.spidermiddlewares.httperror.HttpErrorMiddleware',
 'scrapy.spidermiddlewares.offsite.OffsiteMiddleware',
 'scrapy.spidermiddlewares.referer.RefererMiddleware',
 'scrapy.spidermiddlewares.urllength.UrlLengthMiddleware',
 'scrapy.spidermiddlewares.depth.DepthMiddleware']
2019-01-24 05:51:45 [scrapy.middleware] INFO: Enabled item pipelines:
['deck_importer.pipelines.DeckImporterPipeline']
2019-01-24 05:51:45 [scrapy.core.engine] INFO: Spider opened
2019-01-24 05:51:45 [scrapy.extensions.logstats] INFO: Crawled 0 pages (at 0 pages/min), scraped 0 items (at 0 items/min)
2019-01-24 05:51:45 [scrapy.extensions.telnet] DEBUG: Telnet console listening on 127.0.0.1:6023
2019-01-24 05:51:46 [scrapy.core.engine] DEBUG: Crawled (200) <GET https://www.keyforgegame.com/robots.txt> (referer: None)
2019-01-24 05:51:46 [scrapy.core.engine] DEBUG: Crawled (200) <GET https://www.keyforgegame.com/deck-details/9caa4e61-f79b-4ecd-914e-d7484c9c1ba0> (referer: None)
2019-01-24 05:51:46 [scrapy.core.scraper] DEBUG: Scraped from <200 https://www.keyforgegame.com/deck-details/9caa4e61-f79b-4ecd-914e-d7484c9c1ba0>
None
2019-01-24 05:51:46 [scrapy.core.engine] INFO: Closing spider (finished)
2019-01-24 05:51:46 [scrapy.statscollectors] INFO: Dumping Scrapy stats:
{'downloader/request_bytes': 559,
 'downloader/request_count': 2,
 'downloader/request_method_count/GET': 2,
 'downloader/response_bytes': 16408,
 'downloader/response_count': 2,
 'downloader/response_status_count/200': 2,
 'finish_reason': 'finished',
 'finish_time': datetime.datetime(2019, 1, 24, 5, 51, 46, 697116),
 'item_scraped_count': 1,
 'log_count/DEBUG': 4,
 'log_count/INFO': 7,
 'memusage/max': 64491520,
 'memusage/startup': 64487424,
 'response_received_count': 2,
 'scheduler/dequeued': 1,
 'scheduler/dequeued/memory': 1,
 'scheduler/enqueued': 1,
 'scheduler/enqueued/memory': 1,
 'start_time': datetime.datetime(2019, 1, 24, 5, 51, 45, 31515)}
2019-01-24 05:51:46 [scrapy.core.engine] INFO: Spider closed (finished)
